<?xml version="1.0" encoding="UTF-8"?>
<!-- Generated by org.testng.reporters.JUnitXMLReporter -->
<testsuite ignored="0" hostname="nazmusnafis" failures="1" tests="1" name="Change Password" time="13.336" errors="0" timestamp="2025-06-24T18:22:07 CEST">
  <testcase classname="leaforg_automation.ChangePassword" name="changePassword" time="0.001">
    <failure type="java.lang.NullPointerException" message="Cannot invoke &amp;quot;com.aventstack.extentreports.ExtentReports.createTest(String)&amp;quot; because &amp;quot;this.extent&amp;quot; is null">
      <![CDATA[java.lang.NullPointerException: Cannot invoke "com.aventstack.extentreports.ExtentReports.createTest(String)" because "this.extent" is null
at TestUtils.ListenersTestNG.onTestStart(ListenersTestNG.java:16)
at java.base/java.util.ArrayList.forEach(ArrayList.java:1596)
... Removed 24 stack frames]]>
    </failure>
  </testcase> <!-- changePassword -->
</testsuite> <!-- Change Password -->
